<?xml version="1.0" encoding="UTF-8"?>
<testsuite xmlns:xsi="http://www.w3.org/2001/XMLSchema-instance" xsi:noNamespaceSchemaLocation="https://maven.apache.org/surefire/maven-surefire-plugin/xsd/surefire-test-report.xsd" name="org.example.FizzBuzzServiceTest" time="0.123" tests="11" errors="0" skipped="0" failures="0">
  <properties>
    <property name="java.specification.version" value="15"/>
    <property name="sun.jnu.encoding" value="UTF-8"/>
    <property name="java.class.path" value="/Users/ewan/Projects/Java/Java_course/Module3/lesson4/_13_CodeCoverage/CodeCoverage2/target/test-classes:/Users/ewan/Projects/Java/Java_course/Module3/lesson4/_13_CodeCoverage/CodeCoverage2/target/classes:/Users/ewan/.m2/repository/junit/junit/4.11/junit-4.11.jar:/Users/ewan/.m2/repository/org/hamcrest/hamcrest-core/1.3/hamcrest-core-1.3.jar:/Users/ewan/.m2/repository/org/junit/jupiter/junit-jupiter/5.8.1/junit-jupiter-5.8.1.jar:/Users/ewan/.m2/repository/org/junit/jupiter/junit-jupiter-api/5.8.1/junit-jupiter-api-5.8.1.jar:/Users/ewan/.m2/repository/org/opentest4j/opentest4j/1.2.0/opentest4j-1.2.0.jar:/Users/ewan/.m2/repository/org/junit/platform/junit-platform-commons/1.8.1/junit-platform-commons-1.8.1.jar:/Users/ewan/.m2/repository/org/apiguardian/apiguardian-api/1.1.2/apiguardian-api-1.1.2.jar:/Users/ewan/.m2/repository/org/junit/jupiter/junit-jupiter-params/5.8.1/junit-jupiter-params-5.8.1.jar:/Users/ewan/.m2/repository/org/junit/jupiter/junit-jupiter-engine/5.8.1/junit-jupiter-engine-5.8.1.jar:/Users/ewan/.m2/repository/org/junit/platform/junit-platform-engine/1.8.1/junit-platform-engine-1.8.1.jar:"/>
    <property name="java.vm.vendor" value="Oracle Corporation"/>
    <property name="sun.arch.data.model" value="64"/>
    <property name="java.vendor.url" value="https://java.oracle.com/"/>
    <property name="os.name" value="Mac OS X"/>
    <property name="java.vm.specification.version" value="15"/>
    <property name="sun.java.launcher" value="SUN_STANDARD"/>
    <property name="user.country" value="TW"/>
    <property name="sun.boot.library.path" value="/Library/Java/JavaVirtualMachines/jdk-15.0.1.jdk/Contents/Home/lib"/>
    <property name="sun.java.command" value="/Users/ewan/Projects/Java/Java_course/Module3/lesson4/_13_CodeCoverage/CodeCoverage2/target/surefire/surefirebooter12302374136366923724.jar /Users/ewan/Projects/Java/Java_course/Module3/lesson4/_13_CodeCoverage/CodeCoverage2/target/surefire 2021-10-14T21-13-47_132-jvmRun1 surefire17699593642454140768tmp surefire_016557100257362957626tmp"/>
    <property name="http.nonProxyHosts" value="local|*.local|169.254/16|*.169.254/16"/>
    <property name="jdk.debug" value="release"/>
    <property name="surefire.test.class.path" value="/Users/ewan/Projects/Java/Java_course/Module3/lesson4/_13_CodeCoverage/CodeCoverage2/target/test-classes:/Users/ewan/Projects/Java/Java_course/Module3/lesson4/_13_CodeCoverage/CodeCoverage2/target/classes:/Users/ewan/.m2/repository/junit/junit/4.11/junit-4.11.jar:/Users/ewan/.m2/repository/org/hamcrest/hamcrest-core/1.3/hamcrest-core-1.3.jar:/Users/ewan/.m2/repository/org/junit/jupiter/junit-jupiter/5.8.1/junit-jupiter-5.8.1.jar:/Users/ewan/.m2/repository/org/junit/jupiter/junit-jupiter-api/5.8.1/junit-jupiter-api-5.8.1.jar:/Users/ewan/.m2/repository/org/opentest4j/opentest4j/1.2.0/opentest4j-1.2.0.jar:/Users/ewan/.m2/repository/org/junit/platform/junit-platform-commons/1.8.1/junit-platform-commons-1.8.1.jar:/Users/ewan/.m2/repository/org/apiguardian/apiguardian-api/1.1.2/apiguardian-api-1.1.2.jar:/Users/ewan/.m2/repository/org/junit/jupiter/junit-jupiter-params/5.8.1/junit-jupiter-params-5.8.1.jar:/Users/ewan/.m2/repository/org/junit/jupiter/junit-jupiter-engine/5.8.1/junit-jupiter-engine-5.8.1.jar:/Users/ewan/.m2/repository/org/junit/platform/junit-platform-engine/1.8.1/junit-platform-engine-1.8.1.jar:"/>
    <property name="sun.cpu.endian" value="little"/>
    <property name="user.home" value="/Users/ewan"/>
    <property name="user.language" value="en"/>
    <property name="java.specification.vendor" value="Oracle Corporation"/>
    <property name="java.version.date" value="2020-10-20"/>
    <property name="java.home" value="/Library/Java/JavaVirtualMachines/jdk-15.0.1.jdk/Contents/Home"/>
    <property name="file.separator" value="/"/>
    <property name="basedir" value="/Users/ewan/Projects/Java/Java_course/Module3/lesson4/_13_CodeCoverage/CodeCoverage2"/>
    <property name="java.vm.compressedOopsMode" value="Zero based"/>
    <property name="line.separator" value="&#10;"/>
    <property name="java.specification.name" value="Java Platform API Specification"/>
    <property name="java.vm.specification.vendor" value="Oracle Corporation"/>
    <property name="surefire.real.class.path" value="/Users/ewan/Projects/Java/Java_course/Module3/lesson4/_13_CodeCoverage/CodeCoverage2/target/surefire/surefirebooter12302374136366923724.jar"/>
    <property name="sun.management.compiler" value="HotSpot 64-Bit Tiered Compilers"/>
    <property name="ftp.nonProxyHosts" value="local|*.local|169.254/16|*.169.254/16"/>
    <property name="java.runtime.version" value="15.0.1+9-18"/>
    <property name="user.name" value="ewan"/>
    <property name="path.separator" value=":"/>
    <property name="os.version" value="10.15.7"/>
    <property name="java.runtime.name" value="Java(TM) SE Runtime Environment"/>
    <property name="file.encoding" value="UTF-8"/>
    <property name="java.vm.name" value="Java HotSpot(TM) 64-Bit Server VM"/>
    <property name="localRepository" value="/Users/ewan/.m2/repository"/>
    <property name="java.vendor.url.bug" value="https://bugreport.java.com/bugreport/"/>
    <property name="java.io.tmpdir" value="/var/folders/0v/mkdc9yx557n6_vbhdcqf1zkc0000gn/T/"/>
    <property name="idea.version" value="2020.3.2"/>
    <property name="java.version" value="15.0.1"/>
    <property name="user.dir" value="/Users/ewan/Projects/Java/Java_course/Module3/lesson4/_13_CodeCoverage/CodeCoverage2"/>
    <property name="os.arch" value="x86_64"/>
    <property name="java.vm.specification.name" value="Java Virtual Machine Specification"/>
    <property name="java.library.path" value="/Users/ewan/Library/Java/Extensions:/Library/Java/Extensions:/Network/Library/Java/Extensions:/System/Library/Java/Extensions:/usr/lib/java:."/>
    <property name="java.vm.info" value="mixed mode, sharing"/>
    <property name="java.vendor" value="Oracle Corporation"/>
    <property name="java.vm.version" value="15.0.1+9-18"/>
    <property name="sun.io.unicode.encoding" value="UnicodeBig"/>
    <property name="socksNonProxyHosts" value="local|*.local|169.254/16|*.169.254/16"/>
    <property name="java.class.version" value="59.0"/>
  </properties>
  <testcase name="fizzBuzz_multipleThreeNotFive_returnsFizz{int}[1]" classname="org.example.FizzBuzzServiceTest" time="0.053"/>
  <testcase name="fizzBuzz_multipleThreeNotFive_returnsFizz{int}[2]" classname="org.example.FizzBuzzServiceTest" time="0.001"/>
  <testcase name="fizzBuzz_multipleThreeNotFive_returnsFizz{int}[3]" classname="org.example.FizzBuzzServiceTest" time="0.001"/>
  <testcase name="fizzBuzz_multipleThreeNotFive_returnsFizz{int}[4]" classname="org.example.FizzBuzzServiceTest" time="0.001"/>
  <testcase name="fizzBuzz_multipleFiveNotThree_returnsBuzz{int}[1]" classname="org.example.FizzBuzzServiceTest" time="0.001"/>
  <testcase name="fizzBuzz_multipleFiveNotThree_returnsBuzz{int}[2]" classname="org.example.FizzBuzzServiceTest" time="0.001"/>
  <testcase name="fizzBuzz_multipleFiveNotThree_returnsBuzz{int}[3]" classname="org.example.FizzBuzzServiceTest" time="0.001"/>
  <testcase name="fizzBuzz_multipleFiveNotThree_returnsBuzz{int}[4]" classname="org.example.FizzBuzzServiceTest" time="0.001"/>
  <testcase name="fizzBuzz_multipleThreeAndFive_returnsFizzBuzz{int}[1]" classname="org.example.FizzBuzzServiceTest" time="0.001"/>
  <testcase name="fizzBuzz_multipleThreeAndFive_returnsFizzBuzz{int}[2]" classname="org.example.FizzBuzzServiceTest" time="0.001"/>
  <testcase name="fizzBuzz_multipleThreeAndFive_returnsFizzBuzz{int}[3]" classname="org.example.FizzBuzzServiceTest" time="0.001"/>
</testsuite>